<?xml version="1.0" encoding="UTF-8"?>
<testng-results skipped="0" failed="0" total="1" passed="1">
  <reporter-output>
  </reporter-output>
  <suite name="Suite" duration-ms="59657" started-at="2017-06-19T05:37:06Z" finished-at="2017-06-19T05:38:05Z">
    <groups>
    </groups>
    <test name="SampleTest-1-" duration-ms="59657" started-at="2017-06-19T05:37:06Z" finished-at="2017-06-19T05:38:05Z">
      <class name="com.raftt_m.testscripts.SampleTest">
        <test-method status="PASS" signature="beforeTest(java.lang.String, java.lang.String, java.lang.String)[pri:0, instance:com.raftt_m.testscripts.SampleTest@6895a785]" name="beforeTest" is-config="true" duration-ms="45864" started-at="2017-06-19T11:07:06Z" finished-at="2017-06-19T11:07:52Z">
          <params>
            <param index="0">
              <value>
                <![CDATA[SampleTest]]>
              </value>
            </param>
            <param index="1">
              <value>
                <![CDATA[1st_77_Jeanne]]>
              </value>
            </param>
            <param index="2">
              <value>
                <![CDATA[Android]]>
              </value>
            </param>
          </params>
          <reporter-output>
          </reporter-output>
        </test-method> <!-- beforeTest -->
        <test-method status="PASS" signature="sampletest()[pri:0, instance:com.raftt_m.testscripts.SampleTest@6895a785]" name="sampletest" duration-ms="2455" started-at="2017-06-19T11:07:52Z" finished-at="2017-06-19T11:07:54Z">
          <reporter-output>
          </reporter-output>
        </test-method> <!-- sampletest -->
        <test-method status="PASS" signature="test(org.testng.ITestResult)[pri:0, instance:com.raftt_m.testscripts.SampleTest@6895a785]" name="test" is-config="true" duration-ms="628" started-at="2017-06-19T11:07:54Z" finished-at="2017-06-19T11:07:55Z">
          <params>
            <param index="0">
              <value>
                <![CDATA[[TestResult name=sampletest status=SUCCESS method=SampleTest.sampletest()[pri:0, instance:com.raftt_m.testscripts.SampleTest@6895a785] output={null}]]]>
              </value>
            </param>
          </params>
          <reporter-output>
          </reporter-output>
        </test-method> <!-- test -->
        <test-method status="PASS" signature="afterTest()[pri:0, instance:com.raftt_m.testscripts.SampleTest@6895a785]" name="afterTest" is-config="true" duration-ms="10678" started-at="2017-06-19T11:07:55Z" finished-at="2017-06-19T11:08:05Z">
          <reporter-output>
          </reporter-output>
        </test-method> <!-- afterTest -->
        <test-method status="PASS" signature="closeReport()[pri:0, instance:com.raftt_m.testscripts.SampleTest@6895a785]" name="closeReport" is-config="true" duration-ms="199" started-at="2017-06-19T11:08:05Z" finished-at="2017-06-19T11:08:06Z">
          <reporter-output>
          </reporter-output>
        </test-method> <!-- closeReport -->
      </class> <!-- com.raftt_m.testscripts.SampleTest -->
    </test> <!-- SampleTest-1- -->
  </suite> <!-- Suite -->
</testng-results>
