<?xml version="1.0" encoding="UTF-8"?>
<testng-results skipped="1" failed="0" total="1" passed="0">
  <reporter-output>
  </reporter-output>
  <suite name="Suite" duration-ms="291" started-at="2017-06-19T05:33:20Z" finished-at="2017-06-19T05:33:20Z">
    <groups>
    </groups>
    <test name="SampleTest-1-" duration-ms="291" started-at="2017-06-19T05:33:20Z" finished-at="2017-06-19T05:33:20Z">
      <class name="com.raftt_m.testscripts.SampleTest">
        <test-method status="FAIL" signature="beforeTest(java.lang.String, java.lang.String, java.lang.String)[pri:0, instance:com.raftt_m.testscripts.SampleTest@210366b4]" name="beforeTest" is-config="true" duration-ms="0" started-at="2017-06-19T11:03:20Z" finished-at="2017-06-19T11:03:20Z">
          <params>
            <param index="0">
              <value>
                <![CDATA[SampleTest]]>
              </value>
            </param>
            <param index="1">
              <value>
                <![CDATA[1st_77_Jeanne]]>
              </value>
            </param>
            <param index="2">
              <value>
                <![CDATA[Android]]>
              </value>
            </param>
          </params>
          <exception class="java.lang.NoClassDefFoundError">
            <message>
              <![CDATA[io/appium/java_client/service/local/AppiumServiceBuilder]]>
            </message>
            <full-stacktrace>
              <![CDATA[java.lang.NoClassDefFoundError: io/appium/java_client/service/local/AppiumServiceBuilder
	at com.raftt_m.library.LaunchLoginAndLogout.StartStopAppium(LaunchLoginAndLogout.java:187)
	at com.raftt_m.library.LaunchLoginAndLogout.getDriver(LaunchLoginAndLogout.java:220)
	at com.raftt_m.library.LaunchLoginAndLogout.LaunchLoginAndLogout(LaunchLoginAndLogout.java:115)
	at com.raftt_m.testscripts.SampleTest.beforeTest(SampleTest.java:36)
	at sun.reflect.NativeMethodAccessorImpl.invoke0(Native Method)
	at sun.reflect.NativeMethodAccessorImpl.invoke(NativeMethodAccessorImpl.java:62)
	at sun.reflect.DelegatingMethodAccessorImpl.invoke(DelegatingMethodAccessorImpl.java:43)
	at java.lang.reflect.Method.invoke(Method.java:498)
	at org.testng.internal.MethodInvocationHelper.invokeMethod(MethodInvocationHelper.java:80)
	at org.testng.internal.Invoker.invokeConfigurationMethod(Invoker.java:564)
	at org.testng.internal.Invoker.invokeConfigurations(Invoker.java:213)
	at org.testng.internal.Invoker.invokeConfigurations(Invoker.java:138)
	at org.testng.TestRunner.beforeRun(TestRunner.java:641)
	at org.testng.TestRunner.run(TestRunner.java:609)
	at org.testng.SuiteRunner.runTest(SuiteRunner.java:334)
	at org.testng.SuiteRunner.runSequentially(SuiteRunner.java:329)
	at org.testng.SuiteRunner.privateRun(SuiteRunner.java:291)
	at org.testng.SuiteRunner.run(SuiteRunner.java:240)
	at org.testng.SuiteRunnerWorker.runSuite(SuiteRunnerWorker.java:52)
	at org.testng.SuiteRunnerWorker.run(SuiteRunnerWorker.java:86)
	at org.testng.TestNG.runSuitesSequentially(TestNG.java:1198)
	at org.testng.TestNG.runSuitesLocally(TestNG.java:1123)
	at org.testng.TestNG.run(TestNG.java:1031)
	at org.testng.remote.AbstractRemoteTestNG.run(AbstractRemoteTestNG.java:132)
	at org.testng.remote.RemoteTestNG.initAndRun(RemoteTestNG.java:230)
	at org.testng.remote.RemoteTestNG.main(RemoteTestNG.java:76)
Caused by: java.lang.ClassNotFoundException: io.appium.java_client.service.local.AppiumServiceBuilder
	at java.net.URLClassLoader.findClass(URLClassLoader.java:381)
	at java.lang.ClassLoader.loadClass(ClassLoader.java:424)
	at sun.misc.Launcher$AppClassLoader.loadClass(Launcher.java:331)
	at java.lang.ClassLoader.loadClass(ClassLoader.java:357)
	... 26 more
]]>
            </full-stacktrace>
          </exception> <!-- java.lang.NoClassDefFoundError -->
          <reporter-output>
          </reporter-output>
        </test-method> <!-- beforeTest -->
        <test-method status="SKIP" signature="sampletest()[pri:0, instance:com.raftt_m.testscripts.SampleTest@210366b4]" name="sampletest" duration-ms="3" started-at="2017-06-19T11:03:20Z" finished-at="2017-06-19T11:03:20Z">
          <reporter-output>
          </reporter-output>
        </test-method> <!-- sampletest -->
        <test-method status="SKIP" signature="test(org.testng.ITestResult)[pri:0, instance:com.raftt_m.testscripts.SampleTest@210366b4]" name="test" is-config="true" duration-ms="0" started-at="2017-06-19T11:03:20Z" finished-at="2017-06-19T11:03:20Z">
          <reporter-output>
          </reporter-output>
        </test-method> <!-- test -->
        <test-method status="SKIP" signature="afterTest()[pri:0, instance:com.raftt_m.testscripts.SampleTest@210366b4]" name="afterTest" is-config="true" duration-ms="0" started-at="2017-06-19T11:03:20Z" finished-at="2017-06-19T11:03:20Z">
          <reporter-output>
          </reporter-output>
        </test-method> <!-- afterTest -->
        <test-method status="SKIP" signature="closeReport()[pri:0, instance:com.raftt_m.testscripts.SampleTest@210366b4]" name="closeReport" is-config="true" duration-ms="0" started-at="2017-06-19T11:03:20Z" finished-at="2017-06-19T11:03:20Z">
          <reporter-output>
          </reporter-output>
        </test-method> <!-- closeReport -->
      </class> <!-- com.raftt_m.testscripts.SampleTest -->
    </test> <!-- SampleTest-1- -->
  </suite> <!-- Suite -->
</testng-results>
