<?xml version="1.0" encoding="UTF-8"?>
<!-- Generated by org.testng.reporters.JUnitXMLReporter -->
<testsuite hostname="Ramakant-MacBook-Air.local" name="DCO_TrackShipmentBeingHeldAtUAP_TC_72229-1-" tests="2" failures="0" timestamp="26 Mar 2017 11:05:20 GMT" time="467.537" errors="0">
  <testcase name="test" time="71.626" classname="TestScripts.Tracking.DCO_TrackShipmentBeingHeldAtUAP_TC_72229"/>
  <testcase name="test2" time="371.038" classname="TestScripts.Tracking.DCO_TrackShipmentBeingHeldAtUAP_TC_72229"/>
</testsuite> <!-- DCO_TrackShipmentBeingHeldAtUAP_TC_72229-1- -->
