<?xml version="1.0" encoding="UTF-8"?>
<!-- Generated by org.testng.reporters.JUnitXMLReporter -->
<testsuite hostname="Ramakant-MacBook-Air.local" name="DCO_DeliverToUAPPermittedForDDOPkg_TC_72297-1-" tests="2" failures="0" timestamp="26 Mar 2017 10:03:06 GMT" time="288.758" errors="0">
  <testcase name="test" time="67.697" classname="TestScripts.Tracking.DCO_DeliverToUAPPermittedForDDOPkg_TC_72297"/>
  <testcase name="test2" time="170.952" classname="TestScripts.Tracking.DCO_DeliverToUAPPermittedForDDOPkg_TC_72297"/>
</testsuite> <!-- DCO_DeliverToUAPPermittedForDDOPkg_TC_72297-1- -->
