<?xml version="1.0" encoding="UTF-8"?>
<!-- Generated by org.testng.reporters.JUnitXMLReporter -->
<testsuite hostname="Ramakant-Air" name="DCO_EPRAShipmentLoggedIn_73228-1-" tests="2" failures="0" timestamp="19 Apr 2017 13:37:45 GMT" time="1047.08" errors="0">
  <testcase name="test03PickUpLoaction" time="723.007" classname="TestScripts.Tracking.DCO_EPRAShipmentLoggedIn_73228"/>
  <testcase name="test04ReturnToSender" time="297.49" classname="TestScripts.Tracking.DCO_EPRAShipmentLoggedIn_73228"/>
</testsuite> <!-- DCO_EPRAShipmentLoggedIn_73228-1- -->
