<?xml version="1.0" encoding="UTF-8"?>
<!-- Generated by org.testng.reporters.JUnitXMLReporter -->
<testsuite hostname="Ramakant-Air" name="Delivery_DCO_permitted_for_DDO_package_72299-1-" tests="4" failures="0" timestamp="17 Apr 2017 09:05:00 GMT" time="684.449" errors="0">
  <testcase name="test" time="67.668" classname="TestScripts.Tracking.Delivery_DCO_permitted_for_DDO_package_72299"/>
  <testcase name="test" time="260.3" classname="TestScripts.Tracking.Delivery_DCO_permitted_for_DDO_package_72299"/>
  <testcase name="test2" time="71.81" classname="TestScripts.Tracking.Delivery_DCO_permitted_for_DDO_package_72299"/>
  <testcase name="test3" time="259.751" classname="TestScripts.Tracking.Delivery_DCO_permitted_for_DDO_package_72299"/>
</testsuite> <!-- Delivery_DCO_permitted_for_DDO_package_72299-1- -->
