<?xml version="1.0" encoding="UTF-8"?>
<!-- Generated by org.testng.reporters.JUnitXMLReporter -->
<testsuite hostname="Ramakant-Air" name="DI_LeaveAtCDIPermittedForDDOPackage_TC_72307-1-" tests="2" failures="0" timestamp="8 May 2017 06:06:26 GMT" time="546.258" errors="0">
  <testcase name="test1" time="82.287" classname="TestScripts.UPSSetting.DI_LeaveAtCDIPermittedForDDOPackage_TC_72307"/>
  <testcase name="validation" time="440.493" classname="TestScripts.UPSSetting.DI_LeaveAtCDIPermittedForDDOPackage_TC_72307"/>
</testsuite> <!-- DI_LeaveAtCDIPermittedForDDOPackage_TC_72307-1- -->
