<?xml version="1.0" encoding="UTF-8"?>
<!-- Generated by org.testng.reporters.JUnitXMLReporter -->
<testsuite hostname="Ramakant-MacBook-Air.local" name="DO_DriverInstructionSecCodeShipRel_TC_71705-1-" tests="4" failures="0" timestamp="18 Mar 2017 10:26:57 GMT" time="1126.586" errors="0">
  <testcase name="testMCLogin" time="107.01" classname="TestScripts.DeliveryOptions.DO_DriverInstructionSecCodeShipRel_TC_71705"/>
  <testcase name="testMC" time="439.406" classname="TestScripts.DeliveryOptions.DO_DriverInstructionSecCodeShipRel_TC_71705"/>
  <testcase name="testPMCLogin" time="105.359" classname="TestScripts.DeliveryOptions.DO_DriverInstructionSecCodeShipRel_TC_71705"/>
  <testcase name="testPMC" time="449.05" classname="TestScripts.DeliveryOptions.DO_DriverInstructionSecCodeShipRel_TC_71705"/>
</testsuite> <!-- DO_DriverInstructionSecCodeShipRel_TC_71705-1- -->
