<?xml version="1.0" encoding="UTF-8"?>
<!-- Generated by org.testng.reporters.JUnitXMLReporter -->
<testsuite hostname="Ramakant-Air" name="FL_EnterASpaceInTheEnterSearchLocationTextField_TC_NGTest_13-1-" tests="1" failures="0" timestamp="12 May 2017 05:21:26 GMT" time="120.713" errors="0">
  <testcase name="validation" time="98.222" classname="TestScripts.FindLocation.FL_EnterASpaceInTheEnterSearchLocationTextField_TC_NGTest_13"/>
</testsuite> <!-- FL_EnterASpaceInTheEnterSearchLocationTextField_TC_NGTest_13-1- -->
