<?xml version="1.0" encoding="UTF-8"?>
<!-- Generated by org.testng.reporters.JUnitXMLReporter -->
<testsuite hostname="Ramakant-MacBook-Air.local" name="FPC_LoginUserIDAndPasswordBothInvalid_TC_71836-1-" tests="1" failures="0" timestamp="7 Apr 2017 05:55:54 GMT" time="232.528" errors="0">
  <testcase name="validation" time="208.399" classname="TestScripts.ForgotPasswordChange.FPC_LoginUserIDAndPasswordBothInvalid_TC_71836"/>
</testsuite> <!-- FPC_LoginUserIDAndPasswordBothInvalid_TC_71836-1- -->
