<?xml version="1.0" encoding="UTF-8"?>
<!-- Generated by org.testng.reporters.JUnitXMLReporter -->
<testsuite hostname="Ramakant-MacBook-Air.local" name="FPC_AfterRequestingTempPwdLogsInWithOriginalPwd_TC_72170-1-" tests="1" failures="0" timestamp="7 Apr 2017 06:23:37 GMT" time="384.669" errors="0">
  <testcase name="validation" time="361.464" classname="TestScripts.ForgotPasswordChange.FPC_AfterRequestingTempPwdLogsInWithOriginalPwd_TC_72170"/>
</testsuite> <!-- FPC_AfterRequestingTempPwdLogsInWithOriginalPwd_TC_72170-1- -->
