<?xml version="1.0" encoding="UTF-8"?>
<!-- Generated by org.testng.reporters.JUnitXMLReporter -->
<testsuite hostname="Ramakant-MacBook-Air.local" name="HE_CompleteRegistrationWithInvalidAddressNonUS_TC_72186-1-" tests="1" failures="1" timestamp="27 Mar 2017 06:48:18 GMT" time="121.185" errors="0">
  <testcase name="@AfterMethod test" time="0.0" classname="TestScripts.HybridEnrollment.HE_CompleteRegistrationWithInvalidAddressNonUS_TC_72186">
    <failure type="java.lang.NullPointerException">
      <![CDATA[java.lang.NullPointerException
	at Library.Supporting.Utils.captureSS(Utils.java:42)
	at Library.Supporting.Report.failLog(Report.java:81)
	at Library.Supporting.LaunchLoginAndLogout.stopOnFailure(LaunchLoginAndLogout.java:411)
	at TestScripts.HybridEnrollment.HE_CompleteRegistrationWithInvalidAddressNonUS_TC_72186.test(HE_CompleteRegistrationWithInvalidAddressNonUS_TC_72186.java:67)
... Removed 26 stack frames]]>
    </failure>
  </testcase> <!-- @AfterMethod test -->
  <testcase name="@AfterTest afterTest" time="0.0" classname="TestScripts.HybridEnrollment.HE_CompleteRegistrationWithInvalidAddressNonUS_TC_72186">
    <skipped/>
  </testcase> <!-- @AfterTest afterTest -->
  <testcase name="Validation" time="0.072" classname="TestScripts.HybridEnrollment.HE_CompleteRegistrationWithInvalidAddressNonUS_TC_72186">
    <failure type="java.lang.NullPointerException">
      <![CDATA[java.lang.NullPointerException
	at Library.AppSpecific.HybridEnrollment.he_verifyCompleteRegistrationWithInvalidAddressNonUS(HybridEnrollment.java:587)
	at TestScripts.HybridEnrollment.HE_CompleteRegistrationWithInvalidAddressNonUS_TC_72186.Validation(HE_CompleteRegistrationWithInvalidAddressNonUS_TC_72186.java:59)
... Removed 24 stack frames]]>
    </failure>
  </testcase> <!-- Validation -->
</testsuite> <!-- HE_CompleteRegistrationWithInvalidAddressNonUS_TC_72186-1- -->
