<?xml version="1.0" encoding="UTF-8"?>
<!-- Generated by org.testng.reporters.JUnitXMLReporter -->
<testsuite hostname="Ramakant-MacBook-Air.local" name="HE_HybridEnrollWithNameAndAddressAlreadyUsedNonUS_TC_72394-1-" tests="1" failures="0" timestamp="29 Mar 2017 09:03:32 GMT" time="381.646" errors="0">
  <testcase name="Validation" time="354.708" classname="TestScripts.HybridEnrollment.HE_HybridEnrollWithNameAndAddressAlreadyUsedNonUS_TC_72394"/>
</testsuite> <!-- HE_HybridEnrollWithNameAndAddressAlreadyUsedNonUS_TC_72394-1- -->
