<?xml version="1.0" encoding="UTF-8"?>
<!-- Generated by org.testng.reporters.JUnitXMLReporter -->
<testsuite hostname="Ramakant-MacBook-Air.local" name="HE_NonResidentialUserTriesToEnroll_TC_72389-1-" tests="2" failures="0" timestamp="5 May 2017 05:09:33 GMT" time="1234.35" errors="0">
  <testcase name="testMC1" time="647.141" classname="TestScripts.HybridEnrollment.HE_NonResidentialUserTriesToEnroll_TC_72389"/>
  <testcase name="testMC" time="561.441" classname="TestScripts.HybridEnrollment.HE_NonResidentialUserTriesToEnroll_TC_72389"/>
</testsuite> <!-- HE_NonResidentialUserTriesToEnroll_TC_72389-1- -->
