<?xml version="1.0" encoding="UTF-8"?>
<!-- Generated by org.testng.reporters.JUnitXMLReporter -->
<testsuite hostname="Ramakant-MacBook-Air.local" name="HE_QuizCantBeGenerated_MyUPSID_TC_72435-1-" tests="2" failures="0" timestamp="30 Mar 2017 12:17:31 GMT" time="330.842" errors="0">
  <testcase name="testUPSLogin1" time="78.738" classname="TestScripts.HybridEnrollment.HE_QuizCantBeGenerated_MyUPSID_TC_72435"/>
  <testcase name="Validation" time="226.94" classname="TestScripts.HybridEnrollment.HE_QuizCantBeGenerated_MyUPSID_TC_72435"/>
</testsuite> <!-- HE_QuizCantBeGenerated_MyUPSID_TC_72435-1- -->
