<?xml version="1.0" encoding="UTF-8"?>
<!-- Generated by org.testng.reporters.JUnitXMLReporter -->
<testsuite hostname="Ramakant-Air" name="Login_MyUPSUserEnrollsintoMyChoiceOUS_TC_72430-1-" tests="2" failures="0" timestamp="20 Apr 2017 13:59:11 GMT" time="697.739" errors="0">
  <testcase name="test" time="61.992" classname="TestScripts.Login.Login_MyUPSUserEnrollsintoMyChoiceOUS_TC_72430"/>
  <testcase name="test2" time="609.6" classname="TestScripts.Login.Login_MyUPSUserEnrollsintoMyChoiceOUS_TC_72430"/>
</testsuite> <!-- Login_MyUPSUserEnrollsintoMyChoiceOUS_TC_72430-1- -->
