<?xml version="1.0" encoding="UTF-8"?>
<!-- Generated by org.testng.reporters.JUnitXMLReporter -->
<testsuite hostname="Ramakant-Air" name="SP_AK_SurePostDCO_RerouteHI_TC_66932_Part1-1-" tests="3" failures="0" timestamp="8 May 2017 11:34:08 GMT" time="488.04" errors="0">
  <testcase name="test" time="69.486" classname="TestScripts.Tracking.SP_AK_SurePostDCO_RerouteHI_TC_66932_Part1"/>
  <testcase name="test" time="178.374" classname="TestScripts.Tracking.SP_AK_SurePostDCO_RerouteHI_TC_66932_Part1"/>
  <testcase name="test" time="214.877" classname="TestScripts.Tracking.SP_AK_SurePostDCO_RerouteHI_TC_66932_Part1"/>
</testsuite> <!-- SP_AK_SurePostDCO_RerouteHI_TC_66932_Part1-1- -->
