<?xml version="1.0" encoding="UTF-8"?>
<!-- Generated by org.testng.reporters.JUnitXMLReporter -->
<testsuite hostname="Ramakant-Air" name="SP_DCO_NoModification_TC_66102-1-" tests="2" failures="0" timestamp="11 May 2017 10:34:30 GMT" time="263.047" errors="0">
  <testcase name="test" time="71.289" classname="TestScripts.Tracking.SP_DCO_NoModification_TC_66102"/>
  <testcase name="test" time="167.734" classname="TestScripts.Tracking.SP_DCO_NoModification_TC_66102"/>
</testsuite> <!-- SP_DCO_NoModification_TC_66102-1- -->
