<?xml version="1.0" encoding="UTF-8"?>
<!-- Generated by org.testng.reporters.JUnitXMLReporter -->
<testsuite hostname="Ramakant-Air" name="SP_Multipckg_LWN_TC_66060-1-" tests="5" failures="0" timestamp="11 May 2017 11:10:16 GMT" time="740.153" errors="0">
  <testcase name="test" time="72.262" classname="TestScripts.Tracking.SP_Multipckg_LWN_TC_66060"/>
  <testcase name="test" time="180.3" classname="TestScripts.Tracking.SP_Multipckg_LWN_TC_66060"/>
  <testcase name="test1" time="171.037" classname="TestScripts.Tracking.SP_Multipckg_LWN_TC_66060"/>
  <testcase name="test1" time="82.61" classname="TestScripts.Tracking.SP_Multipckg_LWN_TC_66060"/>
  <testcase name="test1" time="207.821" classname="TestScripts.Tracking.SP_Multipckg_LWN_TC_66060"/>
</testsuite> <!-- SP_Multipckg_LWN_TC_66060-1- -->
