<?xml version="1.0" encoding="UTF-8"?>
<!-- Generated by org.testng.reporters.JUnitXMLReporter -->
<testsuite hostname="Ramakant-MacBook-Air.local" name="SP_UpgradeWithNoAccount_TC_66234-1-" tests="2" failures="0" timestamp="9 May 2017 08:47:14 GMT" time="257.746" errors="0">
  <testcase name="test" time="97.027" classname="TestScripts.Tracking.SP_UpgradeWithNoAccount_TC_66234"/>
  <testcase name="test" time="137.603" classname="TestScripts.Tracking.SP_UpgradeWithNoAccount_TC_66234"/>
</testsuite> <!-- SP_UpgradeWithNoAccount_TC_66234-1- -->
