<?xml version="1.0" encoding="UTF-8"?>
<!-- Generated by org.testng.reporters.JUnitXMLReporter -->
<testsuite hostname="Ramakant-Air" name="SP_US48_SurePostDCO_Reroute_HI_TC_66933-1-" tests="4" failures="0" timestamp="11 May 2017 12:09:30 GMT" time="727.886" errors="0">
  <testcase name="test" time="69.962" classname="TestScripts.Tracking.SP_US48_SurePostDCO_Reroute_HI_TC_66933"/>
  <testcase name="test1" time="180.703" classname="TestScripts.Tracking.SP_US48_SurePostDCO_Reroute_HI_TC_66933"/>
  <testcase name="test1" time="164.978" classname="TestScripts.Tracking.SP_US48_SurePostDCO_Reroute_HI_TC_66933"/>
  <testcase name="test1" time="286.512" classname="TestScripts.Tracking.SP_US48_SurePostDCO_Reroute_HI_TC_66933"/>
</testsuite> <!-- SP_US48_SurePostDCO_Reroute_HI_TC_66933-1- -->
