<?xml version="1.0" encoding="UTF-8"?>
<!-- Generated by org.testng.reporters.JUnitXMLReporter -->
<testsuite hostname="Ramakant-Air" name="SP_UpgradewithNoCC_TC_66123-1-" tests="2" failures="0" timestamp="9 May 2017 12:47:00 GMT" time="322.336" errors="0">
  <testcase name="test" time="157.826" classname="TestScripts.Tracking.SP_UpgradewithNoCC_TC_66123"/>
  <testcase name="test" time="141.81" classname="TestScripts.Tracking.SP_UpgradewithNoCC_TC_66123"/>
</testsuite> <!-- SP_UpgradewithNoCC_TC_66123-1- -->
