<?xml version="1.0" encoding="UTF-8"?>
<!-- Generated by org.testng.reporters.JUnitXMLReporter -->
<testsuite hostname="Ramakant-MacBook-Air.local" name="SurePost_UpgradeMember_TC_73304-1-" tests="4" failures="0" timestamp="3 Apr 2017 14:45:35 GMT" time="936.789" errors="0">
  <testcase name="test1" time="75.028" classname="TestScripts.Tracking.SurePost_UpgradeMember_TC_73304"/>
  <testcase name="validation" time="383.188" classname="TestScripts.Tracking.SurePost_UpgradeMember_TC_73304"/>
  <testcase name="test2" time="74.403" classname="TestScripts.Tracking.SurePost_UpgradeMember_TC_73304"/>
  <testcase name="validation2" time="376.072" classname="TestScripts.Tracking.SurePost_UpgradeMember_TC_73304"/>
</testsuite> <!-- SurePost_UpgradeMember_TC_73304-1- -->
