<?xml version="1.0" encoding="UTF-8"?>
<!-- Generated by org.testng.reporters.JUnitXMLReporter -->
<testsuite hostname="Ramakant-Air" name="TD_DeliveryChangeList_UPSUser_D2RUK_TC_75920-1-" tests="2" failures="0" timestamp="25 Apr 2017 06:48:31 GMT" time="302.807" errors="0">
  <testcase name="test1" time="56.77" classname="TestScripts.Tracking.TD_DeliveryChangeList_UPSUser_D2RUK_TC_75920"/>
  <testcase name="validation" time="222.235" classname="TestScripts.Tracking.TD_DeliveryChangeList_UPSUser_D2RUK_TC_75920"/>
</testsuite> <!-- TD_DeliveryChangeList_UPSUser_D2RUK_TC_75920-1- -->
