<?xml version="1.0" encoding="UTF-8"?>
<!-- Generated by org.testng.reporters.JUnitXMLReporter -->
<testsuite hostname="Ramakant-Air" name="TD_EDNPermittedForDDOPackage_TC_72309-1-" tests="2" failures="0" timestamp="4 May 2017 11:56:30 GMT" time="1009.494" errors="0">
  <testcase name="test1" time="69.844" classname="TestScripts.Tracking.TD_EDNPermittedForDDOPackage_TC_72309"/>
  <testcase name="validation" time="914.395" classname="TestScripts.Tracking.TD_EDNPermittedForDDOPackage_TC_72309"/>
</testsuite> <!-- TD_EDNPermittedForDDOPackage_TC_72309-1- -->
