<?xml version="1.0" encoding="UTF-8"?>
<!-- Generated by org.testng.reporters.JUnitXMLReporter -->
<testsuite hostname="Ramakant-Air" name="TD_SuppressAuthorizeSRSignatureOption_TC_72656-1-" tests="2" failures="0" timestamp="9 May 2017 04:14:54 GMT" time="723.773" errors="0">
  <testcase name="test1" time="73.066" classname="TestScripts.UPSSetting.TD_SuppressAuthorizeSRSignatureOption_TC_72656"/>
  <testcase name="validation" time="626.502" classname="TestScripts.UPSSetting.TD_SuppressAuthorizeSRSignatureOption_TC_72656"/>
</testsuite> <!-- TD_SuppressAuthorizeSRSignatureOption_TC_72656-1- -->
