<?xml version="1.0" encoding="UTF-8"?>
<!-- Generated by org.testng.reporters.JUnitXMLReporter -->
<testsuite hostname="Ramakant-MacBook-Air.local" name="TR_EstimatedDeliveryTime_TC_75520-1-" tests="4" failures="0" timestamp="21 Mar 2017 10:36:27 GMT" time="416.157" errors="0">
  <testcase name="testMCLogin" time="144.32" classname="TestScripts.Tracking.TR_EstimatedDeliveryTime_TC_75520"/>
  <testcase name="testMCVerify" time="45.232" classname="TestScripts.Tracking.TR_EstimatedDeliveryTime_TC_75520"/>
  <testcase name="testPMCLogin" time="156.779" classname="TestScripts.Tracking.TR_EstimatedDeliveryTime_TC_75520"/>
  <testcase name="testPMCVerify" time="44.423" classname="TestScripts.Tracking.TR_EstimatedDeliveryTime_TC_75520"/>
</testsuite> <!-- TR_EstimatedDeliveryTime_TC_75520-1- -->
