<?xml version="1.0" encoding="UTF-8"?>
<!-- Generated by org.testng.reporters.JUnitXMLReporter -->
<testsuite hostname="Ramakant-MacBook-Air.local" name="TR_ParcelLockerDelToUPSAPDCOLoggedInUS_TC_72592-1-" tests="4" failures="0" timestamp="6 Apr 2017 13:06:04 GMT" time="845.015" errors="0">
  <testcase name="testMCLogin" time="162.275" classname="TestScripts.Tracking.TR_ParcelLockerDelToUPSAPDCOLoggedInUS_TC_72592"/>
  <testcase name="testPMCUpgradeDCO" time="254.846" classname="TestScripts.Tracking.TR_ParcelLockerDelToUPSAPDCOLoggedInUS_TC_72592"/>
  <testcase name="testPMCLogin" time="159.367" classname="TestScripts.Tracking.TR_ParcelLockerDelToUPSAPDCOLoggedInUS_TC_72592"/>
  <testcase name="testMCUpgradeDCO" time="239.901" classname="TestScripts.Tracking.TR_ParcelLockerDelToUPSAPDCOLoggedInUS_TC_72592"/>
</testsuite> <!-- TR_ParcelLockerDelToUPSAPDCOLoggedInUS_TC_72592-1- -->
