<?xml version="1.0" encoding="UTF-8"?>
<!-- Generated by org.testng.reporters.JUnitXMLReporter -->
<testsuite hostname="Ramakant-Air" name="TR_ShipmentThatDisplayedMessageGetsDelivered_TC_72226-1-" tests="8" failures="0" timestamp="23 Mar 2017 08:32:56 GMT" time="894.294" errors="0">
  <testcase name="testMCLogin" time="69.206" classname="TestScripts.Tracking.TR_ShipmentThatDisplayedMessageGetsDelivered_TC_72226"/>
  <testcase name="testMC1" time="108.574" classname="TestScripts.Tracking.TR_ShipmentThatDisplayedMessageGetsDelivered_TC_72226"/>
  <testcase name="testMC2" time="109.779" classname="TestScripts.Tracking.TR_ShipmentThatDisplayedMessageGetsDelivered_TC_72226"/>
  <testcase name="testMC3" time="144.921" classname="TestScripts.Tracking.TR_ShipmentThatDisplayedMessageGetsDelivered_TC_72226"/>
  <testcase name="testPMCLogin" time="72.076" classname="TestScripts.Tracking.TR_ShipmentThatDisplayedMessageGetsDelivered_TC_72226"/>
  <testcase name="testPMC1" time="107.107" classname="TestScripts.Tracking.TR_ShipmentThatDisplayedMessageGetsDelivered_TC_72226"/>
  <testcase name="testPMC2" time="108.319" classname="TestScripts.Tracking.TR_ShipmentThatDisplayedMessageGetsDelivered_TC_72226"/>
  <testcase name="testPMC3" time="147.655" classname="TestScripts.Tracking.TR_ShipmentThatDisplayedMessageGetsDelivered_TC_72226"/>
</testsuite> <!-- TR_ShipmentThatDisplayedMessageGetsDelivered_TC_72226-1- -->
