<?xml version="1.0" encoding="UTF-8"?>
<!-- Generated by org.testng.reporters.JUnitXMLReporter -->
<testsuite hostname="Ramakant-Air" name="TR_SaturdayDeliveryDueToAUPSDelay_TC_72224-1-" tests="4" failures="0" timestamp="27 Apr 2017 13:15:31 GMT" time="547.935" errors="0">
  <testcase name="testMCLogin" time="68.273" classname="TestScripts.Tracking.TR_SaturdayDeliveryDueToAUPSDelay_TC_72224"/>
  <testcase name="testMC" time="193.727" classname="TestScripts.Tracking.TR_SaturdayDeliveryDueToAUPSDelay_TC_72224"/>
  <testcase name="testPMCLogin" time="69.448" classname="TestScripts.Tracking.TR_SaturdayDeliveryDueToAUPSDelay_TC_72224"/>
  <testcase name="testPMC" time="191.594" classname="TestScripts.Tracking.TR_SaturdayDeliveryDueToAUPSDelay_TC_72224"/>
</testsuite> <!-- TR_SaturdayDeliveryDueToAUPSDelay_TC_72224-1- -->
