<?xml version="1.0" encoding="UTF-8"?>
<!-- Generated by org.testng.reporters.JUnitXMLReporter -->
<testsuite hostname="Ramakant-MacBook-Air.local" name="TR_SurePostLoggedInMC_TC_71926-1-" tests="5" failures="0" timestamp="17 Mar 2017 14:39:33 GMT" time="1555.605" errors="0">
  <testcase name="testMC" time="163.003" classname="TestScripts.Tracking.TR_SurePostLoggedInMC_TC_71926"/>
  <testcase name="testMCSurepost" time="688.549" classname="TestScripts.Tracking.TR_SurePostLoggedInMC_TC_71926"/>
  <testcase name="testPMC" time="167.613" classname="TestScripts.Tracking.TR_SurePostLoggedInMC_TC_71926"/>
  <testcase name="testPMCSurepost" time="67.857" classname="TestScripts.Tracking.TR_SurePostLoggedInMC_TC_71926"/>
  <testcase name="test1" time="440.259" classname="TestScripts.Tracking.TR_SurePostLoggedInMC_TC_71926"/>
</testsuite> <!-- TR_SurePostLoggedInMC_TC_71926-1- -->
