<?xml version="1.0" encoding="UTF-8"?>
<!-- Generated by org.testng.reporters.JUnitXMLReporter -->
<testsuite hostname="Ramakant-MacBook-Air.local" name="Alerts_72368-1-" tests="1" failures="1" timestamp="19 Apr 2017 12:05:22 GMT" time="1231.028" errors="0">
  <testcase name="test" time="1201.572" classname="TestScripts.Alerts.Alerts_72368">
    <failure type="org.openqa.selenium.TimeoutException" message="Expected condition failed: waiting for visibility of [[IOSDriver: iOS on MAC (97e91d45-3777-42f7-a973-0b051c0884f7)] -&amp;gt; xpath: //UIANavigationBar[1]/UIAButton[1]] (tried for 20 second(s) with 500 MILLISECONDS interval)
Build info: version: &amp;apos;unknown&amp;apos;, revision: &amp;apos;1969d75&amp;apos;, time: &amp;apos;2016-10-18 09:43:45 -0700&amp;apos;
System info: host: &amp;apos;Ramakant-MacBook-Air.local&amp;apos;, ip: &amp;apos;10.10.241.42&amp;apos;, os.name: &amp;apos;Mac OS X&amp;apos;, os.arch: &amp;apos;x86_64&amp;apos;, os.version: &amp;apos;10.11.6&amp;apos;, java.version: &amp;apos;1.8.0_111&amp;apos;
Driver info: io.appium.java_client.ios.IOSDriver
Capabilities [{appPackage=, networkConnectionEnabled=false, warnings={}, databaseEnabled=false, deviceName=iphone6, version=, platform=MAC, appActivity=, desired={appPackage=, appActivity=, platformVersion=9.2, browserName=iOS, platformName=iOS, deviceName=iphone6, version=}, platformVersion=9.2, webStorageEnabled=false, locationContextEnabled=false, browserName=iOS, takesScreenshot=true, javascriptEnabled=true, platformName=iOS}]
Session ID: 97e91d45-3777-42f7-a973-0b051c0884f7">
      <![CDATA[org.openqa.selenium.TimeoutException: Expected condition failed: waiting for visibility of [[IOSDriver: iOS on MAC (97e91d45-3777-42f7-a973-0b051c0884f7)] -> xpath: //UIANavigationBar[1]/UIAButton[1]] (tried for 20 second(s) with 500 MILLISECONDS interval)
Build info: version: 'unknown', revision: '1969d75', time: '2016-10-18 09:43:45 -0700'
System info: host: 'Ramakant-MacBook-Air.local', ip: '10.10.241.42', os.name: 'Mac OS X', os.arch: 'x86_64', os.version: '10.11.6', java.version: '1.8.0_111'
Driver info: io.appium.java_client.ios.IOSDriver
Capabilities [{appPackage=, networkConnectionEnabled=false, warnings={}, databaseEnabled=false, deviceName=iphone6, version=, platform=MAC, appActivity=, desired={appPackage=, appActivity=, platformVersion=9.2, browserName=iOS, platformName=iOS, deviceName=iphone6, version=}, platformVersion=9.2, webStorageEnabled=false, locationContextEnabled=false, browserName=iOS, takesScreenshot=true, javascriptEnabled=true, platformName=iOS}]
Session ID: 97e91d45-3777-42f7-a973-0b051c0884f7
	at org.openqa.selenium.support.ui.WebDriverWait.timeoutException(WebDriverWait.java:80)
	at org.openqa.selenium.support.ui.FluentWait.until(FluentWait.java:265)
	at Library.Supporting.Mobile.checkExistClick(Mobile.java:58)
	at Library.Supporting.LaunchLoginAndLogout.btnBackiOS(LaunchLoginAndLogout.java:470)
	at TestScripts.Alerts.Alerts_72368.test(Unknown Source)
... Removed 24 stack frames]]>
    </failure>
  </testcase> <!-- test -->
</testsuite> <!-- Alerts_72368-1- -->
