<?xml version="1.0" encoding="UTF-8"?>
<!-- Generated by org.testng.reporters.JUnitXMLReporter -->
<testsuite hostname="Ramakant-MacBook-Air.local" name="D2R_DeliveryChangeListLoggedInRedeliverBCDN_72319-1-" tests="1" failures="1" timestamp="22 Mar 2017 12:50:13 GMT" time="218.072" errors="0">
  <testcase name="test" time="189.489" classname="TestScripts.Tracking.D2R_DeliveryChangeListLoggedInRedeliverBCDN_72319">
    <failure type="org.openqa.selenium.TimeoutException" message="Expected condition failed: waiting for visibility of [[IOSDriver: iOS on MAC (dc79417d-1ff7-4db1-9e83-b494ca53ce71)] -&amp;gt; xpath: //UIAButton[@name=&amp;apos;View Options&amp;apos;]] (tried for 20 second(s) with 500 MILLISECONDS interval)
Build info: version: &amp;apos;unknown&amp;apos;, revision: &amp;apos;1969d75&amp;apos;, time: &amp;apos;2016-10-18 09:43:45 -0700&amp;apos;
System info: host: &amp;apos;Ramakant-MacBook-Air.local&amp;apos;, ip: &amp;apos;127.0.0.1&amp;apos;, os.name: &amp;apos;Mac OS X&amp;apos;, os.arch: &amp;apos;x86_64&amp;apos;, os.version: &amp;apos;10.11.6&amp;apos;, java.version: &amp;apos;1.8.0_111&amp;apos;
Driver info: io.appium.java_client.ios.IOSDriver
Capabilities [{appPackage=, networkConnectionEnabled=false, warnings={}, databaseEnabled=false, deviceName=iphone6, version=, platform=MAC, appActivity=, desired={appPackage=, appActivity=, platformVersion=9.2, browserName=iOS, platformName=iOS, deviceName=iphone6, version=}, platformVersion=9.2, webStorageEnabled=false, locationContextEnabled=false, browserName=iOS, takesScreenshot=true, javascriptEnabled=true, platformName=iOS}]
Session ID: dc79417d-1ff7-4db1-9e83-b494ca53ce71">
      <![CDATA[org.openqa.selenium.TimeoutException: Expected condition failed: waiting for visibility of [[IOSDriver: iOS on MAC (dc79417d-1ff7-4db1-9e83-b494ca53ce71)] -> xpath: //UIAButton[@name='View Options']] (tried for 20 second(s) with 500 MILLISECONDS interval)
Build info: version: 'unknown', revision: '1969d75', time: '2016-10-18 09:43:45 -0700'
System info: host: 'Ramakant-MacBook-Air.local', ip: '127.0.0.1', os.name: 'Mac OS X', os.arch: 'x86_64', os.version: '10.11.6', java.version: '1.8.0_111'
Driver info: io.appium.java_client.ios.IOSDriver
Capabilities [{appPackage=, networkConnectionEnabled=false, warnings={}, databaseEnabled=false, deviceName=iphone6, version=, platform=MAC, appActivity=, desired={appPackage=, appActivity=, platformVersion=9.2, browserName=iOS, platformName=iOS, deviceName=iphone6, version=}, platformVersion=9.2, webStorageEnabled=false, locationContextEnabled=false, browserName=iOS, takesScreenshot=true, javascriptEnabled=true, platformName=iOS}]
Session ID: dc79417d-1ff7-4db1-9e83-b494ca53ce71
	at org.openqa.selenium.support.ui.WebDriverWait.timeoutException(WebDriverWait.java:80)
	at org.openqa.selenium.support.ui.FluentWait.until(FluentWait.java:265)
	at Library.Supporting.Mobile.checkExistClick(Mobile.java:54)
	at Library.AppSpecific.Tracking.DCR_RedeliverToMyAddress(Tracking.java:5123)
	at TestScripts.Tracking.D2R_DeliveryChangeListLoggedInRedeliverBCDN_72319.test(D2R_DeliveryChangeListLoggedInRedeliverBCDN_72319.java:71)
... Removed 24 stack frames]]>
    </failure>
  </testcase> <!-- test -->
</testsuite> <!-- D2R_DeliveryChangeListLoggedInRedeliverBCDN_72319-1- -->
