<?xml version="1.0" encoding="UTF-8"?>
<!-- Generated by org.testng.reporters.JUnitXMLReporter -->
<testsuite hostname="Ramakant-Air" name="DC_NonUSMC_LWN_TC_77555-1-" tests="3" failures="0" timestamp="11 May 2017 11:41:34 GMT" time="657.953" errors="0">
  <testcase name="test" time="68.675" classname="TestScripts.Tracking.DC_NonUSMC_LWN_TC_77555"/>
  <testcase name="test" time="178.556" classname="TestScripts.Tracking.DC_NonUSMC_LWN_TC_77555"/>
  <testcase name="test1" time="384.842" classname="TestScripts.Tracking.DC_NonUSMC_LWN_TC_77555"/>
</testsuite> <!-- DC_NonUSMC_LWN_TC_77555-1- -->
