<?xml version="1.0" encoding="UTF-8"?>
<!-- Generated by org.testng.reporters.JUnitXMLReporter -->
<testsuite hostname="Ramakant-MacBook-Air.local" name="DCO_premiumUserDeliverToAnotherAddressTransportationCharges9PaymentCards_77813-1-" tests="1" failures="1" timestamp="26 May 2017 06:20:49 GMT" time="355.833" errors="0">
  <testcase name="test" time="276.862" classname="TestScripts.Tracking.DCO_premiumUserDeliverToAnotherAddressTransportationCharges9PaymentCards_77813">
    <failure type="org.openqa.selenium.TimeoutException" message="Expected condition failed: waiting for visibility of [[IOSDriver:  on MAC (3df21091-bad3-459f-bf92-c3892ebad092)] -&amp;gt; xpath: //UIAScrollView[1]/UIAStaticText[@value=&amp;apos;Delivery Change&amp;apos;]] (tried for 60 second(s) with 500 MILLISECONDS interval)
Build info: version: &amp;apos;unknown&amp;apos;, revision: &amp;apos;1969d75&amp;apos;, time: &amp;apos;2016-10-18 09:43:45 -0700&amp;apos;
System info: host: &amp;apos;Ramakant-MacBook-Air.local&amp;apos;, ip: &amp;apos;10.20.25.6&amp;apos;, os.name: &amp;apos;Mac OS X&amp;apos;, os.arch: &amp;apos;x86_64&amp;apos;, os.version: &amp;apos;10.11.6&amp;apos;, java.version: &amp;apos;1.8.0_111&amp;apos;
Driver info: io.appium.java_client.ios.IOSDriver
Capabilities [{app=/UPS_APKs/IPA/UPS.MobileX_DEBUG_6_0_0_13.ipa, networkConnectionEnabled=false, warnings={}, databaseEnabled=false, deviceName=iPhone, platform=MAC, desired={app=/UPS_APKs/IPA/UPS.MobileX_DEBUG_6_0_0_13.ipa, platformVersion=9.0.1, browserName=, platformName=iOS, deviceName=iPhone}, platformVersion=9.0.1, webStorageEnabled=false, locationContextEnabled=false, browserName=, takesScreenshot=true, javascriptEnabled=true, platformName=iOS}]
Session ID: 3df21091-bad3-459f-bf92-c3892ebad092">
      <![CDATA[org.openqa.selenium.TimeoutException: Expected condition failed: waiting for visibility of [[IOSDriver:  on MAC (3df21091-bad3-459f-bf92-c3892ebad092)] -> xpath: //UIAScrollView[1]/UIAStaticText[@value='Delivery Change']] (tried for 60 second(s) with 500 MILLISECONDS interval)
Build info: version: 'unknown', revision: '1969d75', time: '2016-10-18 09:43:45 -0700'
System info: host: 'Ramakant-MacBook-Air.local', ip: '10.20.25.6', os.name: 'Mac OS X', os.arch: 'x86_64', os.version: '10.11.6', java.version: '1.8.0_111'
Driver info: io.appium.java_client.ios.IOSDriver
Capabilities [{app=/UPS_APKs/IPA/UPS.MobileX_DEBUG_6_0_0_13.ipa, networkConnectionEnabled=false, warnings={}, databaseEnabled=false, deviceName=iPhone, platform=MAC, desired={app=/UPS_APKs/IPA/UPS.MobileX_DEBUG_6_0_0_13.ipa, platformVersion=9.0.1, browserName=, platformName=iOS, deviceName=iPhone}, platformVersion=9.0.1, webStorageEnabled=false, locationContextEnabled=false, browserName=, takesScreenshot=true, javascriptEnabled=true, platformName=iOS}]
Session ID: 3df21091-bad3-459f-bf92-c3892ebad092
	at org.openqa.selenium.support.ui.WebDriverWait.timeoutException(WebDriverWait.java:80)
	at org.openqa.selenium.support.ui.FluentWait.until(FluentWait.java:265)
	at Library.AppSpecific.Tracking.changeDeliveryOptions(Tracking.java:2421)
	at TestScripts.Tracking.DCO_premiumUserDeliverToAnotherAddressTransportationCharges9PaymentCards_77813.test(DCO_premiumUserDeliverToAnotherAddressTransportationCharges9PaymentCards_77813.java:76)
... Removed 24 stack frames]]>
    </failure>
  </testcase> <!-- test -->
</testsuite> <!-- DCO_premiumUserDeliverToAnotherAddressTransportationCharges9PaymentCards_77813-1- -->
