<?xml version="1.0" encoding="UTF-8"?>
<!-- Generated by org.testng.reporters.JUnitXMLReporter -->
<testsuite hostname="Ramakant-Air" name="DCO_TrackingLoggedInMCUser_75528-1-" tests="3" failures="0" timestamp="2 May 2017 10:27:54 GMT" time="1434.419" errors="0">
  <testcase name="testForDifferentAddress" time="577.702" classname="TestScripts.Login.DCO_TrackingLoggedInMCUser_75528"/>
  <testcase name="testForPickUpUPSLocation" time="414.569" classname="TestScripts.Login.DCO_TrackingLoggedInMCUser_75528"/>
  <testcase name="testDeliverAnotherDay" time="416.208" classname="TestScripts.Login.DCO_TrackingLoggedInMCUser_75528"/>
</testsuite> <!-- DCO_TrackingLoggedInMCUser_75528-1- -->
