<?xml version="1.0" encoding="UTF-8"?>
<!-- Generated by org.testng.reporters.JUnitXMLReporter -->
<testsuite hostname="Ramakant-MacBook-Air.local" name="DCO_DeliverOnAnotheraddressPayPal_73376-1-" tests="1" failures="0" timestamp="21 Mar 2017 07:50:24 GMT" time="47.121" errors="0">
  <testcase name="@BeforeTest beforeTest" time="0.0" classname="TestScripts.Login.DCO_DeliverOnAnotheraddressPayPal_73376">
    <failure type="java.lang.ClassCastException" message="com.sun.proxy.$Proxy12 cannot be cast to io.appium.java_client.ios.IOSElement">
      <![CDATA[java.lang.ClassCastException: com.sun.proxy.$Proxy12 cannot be cast to io.appium.java_client.ios.IOSElement
	at TestScripts.Login.DCO_DeliverOnAnotheraddressPayPal_73376.beforeTest(DCO_DeliverOnAnotheraddressPayPal_73376.java:53)
... Removed 22 stack frames]]>
    </failure>
  </testcase> <!-- @BeforeTest beforeTest -->
  <testcase name="@AfterMethod test" time="0.0" classname="TestScripts.Login.DCO_DeliverOnAnotheraddressPayPal_73376">
    <skipped/>
  </testcase> <!-- @AfterMethod test -->
  <testcase name="@AfterTest afterTest" time="0.0" classname="TestScripts.Login.DCO_DeliverOnAnotheraddressPayPal_73376">
    <skipped/>
  </testcase> <!-- @AfterTest afterTest -->
  <testcase name="test" time="0.001" classname="TestScripts.Login.DCO_DeliverOnAnotheraddressPayPal_73376">
    <skipped/>
  </testcase> <!-- test -->
</testsuite> <!-- DCO_DeliverOnAnotheraddressPayPal_73376-1- -->
