<?xml version="1.0" encoding="UTF-8"?>
<!-- Generated by org.testng.reporters.JUnitXMLReporter -->
<testsuite hostname="Ramakant-Air" name="DCR_D2R_BCDN_ApplyPickMypackageAtUPSLocation_77702-1-" tests="2" failures="0" timestamp="14 Apr 2017 09:58:08 GMT" time="685.796" errors="0">
  <testcase name="test1" time="65.992" classname="TestScripts.Tracking.DCR_D2R_BCDN_ApplyPickMypackageAtUPSLocation_77702"/>
  <testcase name="test2" time="594.058" classname="TestScripts.Tracking.DCR_D2R_BCDN_ApplyPickMypackageAtUPSLocation_77702"/>
</testsuite> <!-- DCR_D2R_BCDN_ApplyPickMypackageAtUPSLocation_77702-1- -->
