<?xml version="1.0" encoding="UTF-8"?>
<!-- Generated by org.testng.reporters.JUnitXMLReporter -->
<testsuite hostname="Ramakant-MacBook-Air.local" name="DI_AccessDriverInstructionsInTrackingDetails_TC_72658-1-" tests="2" failures="0" timestamp="8 May 2017 09:15:02 GMT" time="659.042" errors="0">
  <testcase name="test1" time="78.157" classname="TestScripts.UPSSetting.DI_AccessDriverInstructionsInTrackingDetails_TC_72658"/>
  <testcase name="validation" time="556.901" classname="TestScripts.UPSSetting.DI_AccessDriverInstructionsInTrackingDetails_TC_72658"/>
</testsuite> <!-- DI_AccessDriverInstructionsInTrackingDetails_TC_72658-1- -->
