<?xml version="1.0" encoding="UTF-8"?>
<!-- Generated by org.testng.reporters.JUnitXMLReporter -->
<testsuite hostname="Ramakant-Air" name="DO_SendAllPkgsDirectlyToUPSAPKiala_TC_72328-1-" tests="2" failures="1" timestamp="26 Apr 2017 10:51:48 GMT" time="2529.29" errors="0">
  <testcase name="testMC" time="1397.488" classname="TestScripts.DeliveryOptions.DO_SendAllPkgsDirectlyToUPSAPKiala_TC_72328"/>
  <testcase name="testPMC" time="1097.808" classname="TestScripts.DeliveryOptions.DO_SendAllPkgsDirectlyToUPSAPKiala_TC_72328">
    <failure type="org.openqa.selenium.WebDriverException" message="An unknown server-side error occurred while processing the command. (WARNING: The server did not provide any stacktrace information)
Command duration or timeout: 797 milliseconds
Build info: version: &amp;apos;unknown&amp;apos;, revision: &amp;apos;1969d75&amp;apos;, time: &amp;apos;2016-10-18 09:43:45 -0700&amp;apos;
System info: host: &amp;apos;Ramakant-Air&amp;apos;, ip: &amp;apos;192.168.43.195&amp;apos;, os.name: &amp;apos;Mac OS X&amp;apos;, os.arch: &amp;apos;x86_64&amp;apos;, os.version: &amp;apos;10.11.6&amp;apos;, java.version: &amp;apos;1.8.0_111&amp;apos;
Driver info: io.appium.java_client.ios.IOSDriver
Capabilities [{appPackage=, networkConnectionEnabled=false, warnings={}, databaseEnabled=false, deviceName=iphone6, version=, platform=MAC, appActivity=, desired={appPackage=, appActivity=, platformVersion=9.2, browserName=iOS, platformName=iOS, deviceName=iphone6, version=}, platformVersion=9.2, webStorageEnabled=false, locationContextEnabled=false, browserName=iOS, takesScreenshot=true, javascriptEnabled=true, platformName=iOS}]
Session ID: 4c948e1e-268c-4846-9f6d-354562d53a0b">
      <![CDATA[org.openqa.selenium.WebDriverException: An unknown server-side error occurred while processing the command. (WARNING: The server did not provide any stacktrace information)
Command duration or timeout: 797 milliseconds
Build info: version: 'unknown', revision: '1969d75', time: '2016-10-18 09:43:45 -0700'
System info: host: 'Ramakant-Air', ip: '192.168.43.195', os.name: 'Mac OS X', os.arch: 'x86_64', os.version: '10.11.6', java.version: '1.8.0_111'
Driver info: io.appium.java_client.ios.IOSDriver
Capabilities [{appPackage=, networkConnectionEnabled=false, warnings={}, databaseEnabled=false, deviceName=iphone6, version=, platform=MAC, appActivity=, desired={appPackage=, appActivity=, platformVersion=9.2, browserName=iOS, platformName=iOS, deviceName=iphone6, version=}, platformVersion=9.2, webStorageEnabled=false, locationContextEnabled=false, browserName=iOS, takesScreenshot=true, javascriptEnabled=true, platformName=iOS}]
Session ID: 4c948e1e-268c-4846-9f6d-354562d53a0b
	at org.openqa.selenium.remote.ErrorHandler.createThrowable(ErrorHandler.java:216)
	at org.openqa.selenium.remote.ErrorHandler.throwIfResponseFailed(ErrorHandler.java:168)
	at org.openqa.selenium.remote.RemoteWebDriver.execute(RemoteWebDriver.java:635)
	at io.appium.java_client.DefaultGenericMobileDriver.execute(DefaultGenericMobileDriver.java:42)
	at io.appium.java_client.AppiumDriver.execute(AppiumDriver.java:206)
	at org.openqa.selenium.remote.RemoteWebDriver$RemoteNavigation.back(RemoteWebDriver.java:894)
	at Library.Supporting.Mobile.NavigateBack(Mobile.java:563)
	at TestScripts.DeliveryOptions.DO_SendAllPkgsDirectlyToUPSAPKiala_TC_72328.testPMC(DO_SendAllPkgsDirectlyToUPSAPKiala_TC_72328.java:82)
... Removed 28 stack frames]]>
    </failure>
  </testcase> <!-- testPMC -->
</testsuite> <!-- DO_SendAllPkgsDirectlyToUPSAPKiala_TC_72328-1- -->
