<?xml version="1.0" encoding="UTF-8"?>
<!-- Generated by org.testng.reporters.JUnitXMLReporter -->
<testsuite hostname="Ramakant-Air" name="EnhancedSelection_ShipmentRelease_TC_75678-1-" tests="2" failures="0" timestamp="8 May 2017 04:49:20 GMT" time="460.317" errors="0">
  <testcase name="test1" time="118.044" classname="TestScripts.UPSSetting.EnhancedSelection_ShipmentRelease_TC_75678"/>
  <testcase name="validation" time="317.134" classname="TestScripts.UPSSetting.EnhancedSelection_ShipmentRelease_TC_75678"/>
</testsuite> <!-- EnhancedSelection_ShipmentRelease_TC_75678-1- -->
