<?xml version="1.0" encoding="UTF-8"?>
<!-- Generated by org.testng.reporters.JUnitXMLReporter -->
<testsuite hostname="Ramakant-MacBook-Air.local" name="FPC_RequestPwdUsingInvalidUserIdAndValidEmail_TC_71760-1-" tests="1" failures="0" timestamp="7 Apr 2017 05:04:56 GMT" time="333.953" errors="0">
  <testcase name="validation" time="309.246" classname="TestScripts.ForgotPasswordChange.FPC_RequestPwdUsingInvalidUserIdAndValidEmail_TC_71760"/>
</testsuite> <!-- FPC_RequestPwdUsingInvalidUserIdAndValidEmail_TC_71760-1- -->
