<?xml version="1.0" encoding="UTF-8"?>
<!-- Generated by org.testng.reporters.JUnitXMLReporter -->
<testsuite hostname="Ramakant-MacBook-Air.local" name="FPC_RequestPwdUsingValidUserIdAndInvalidEmail_TC_71837-1-" tests="1" failures="0" timestamp="7 Apr 2017 05:18:05 GMT" time="317.215" errors="0">
  <testcase name="validation" time="292.057" classname="TestScripts.ForgotPasswordChange.FPC_RequestPwdUsingValidUserIdAndInvalidEmail_TC_71837"/>
</testsuite> <!-- FPC_RequestPwdUsingValidUserIdAndInvalidEmail_TC_71837-1- -->
