<?xml version="1.0" encoding="UTF-8"?>
<!-- Generated by org.testng.reporters.JUnitXMLReporter -->
<testsuite hostname="Ramakant-MacBook-Air.local" name="FPC_RequestPwdUsingUserIdAndEmailBothInvalid_TC_71838-1-" tests="1" failures="0" timestamp="7 Apr 2017 05:38:40 GMT" time="335.533" errors="0">
  <testcase name="validation" time="312.298" classname="TestScripts.ForgotPasswordChange.FPC_RequestPwdUsingUserIdAndEmailBothInvalid_TC_71838"/>
</testsuite> <!-- FPC_RequestPwdUsingUserIdAndEmailBothInvalid_TC_71838-1- -->
