<?xml version="1.0" encoding="UTF-8"?>
<!-- Generated by org.testng.reporters.JUnitXMLReporter -->
<testsuite hostname="Ramakant-Air" name="FPC_RequestPwdRequestUsingValidUserIdAndEmail_TC_71761-1-" tests="1" failures="0" timestamp="11 Apr 2017 03:16:07 GMT" time="319.915" errors="0">
  <testcase name="validation" time="286.166" classname="TestScripts.ForgotPasswordChange.FPC_RequestPwdRequestUsingValidUserIdAndEmail_TC_71761"/>
</testsuite> <!-- FPC_RequestPwdRequestUsingValidUserIdAndEmail_TC_71761-1- -->
