<?xml version="1.0" encoding="UTF-8"?>
<!-- Generated by org.testng.reporters.JUnitXMLReporter -->
<testsuite hostname="Ramakant-MacBook-Air.local" name="FPC_LoginPasswordIsInvalid_TC_71835-1-" tests="1" failures="1" timestamp="10 Apr 2017 06:59:39 GMT" time="203.092" errors="0">
  <testcase name="validation" time="170.481" classname="TestScripts.ForgotPasswordChange.FPC_LoginPasswordIsInvalid_TC_71835">
    <failure type="org.openqa.selenium.TimeoutException" message="Expected condition failed: waiting for visibility of [[IOSDriver: iOS on MAC (6adae6f6-2d73-43b5-a72f-07170544a5c1)] -&amp;gt; xpath: //UIAApplication[1]/UIAWindow[1]/UIAButton[1]] (tried for 20 second(s) with 500 MILLISECONDS interval)
Build info: version: &amp;apos;unknown&amp;apos;, revision: &amp;apos;1969d75&amp;apos;, time: &amp;apos;2016-10-18 09:43:45 -0700&amp;apos;
System info: host: &amp;apos;Ramakant-MacBook-Air.local&amp;apos;, ip: &amp;apos;10.20.24.104&amp;apos;, os.name: &amp;apos;Mac OS X&amp;apos;, os.arch: &amp;apos;x86_64&amp;apos;, os.version: &amp;apos;10.11.6&amp;apos;, java.version: &amp;apos;1.8.0_111&amp;apos;
Driver info: io.appium.java_client.ios.IOSDriver
Capabilities [{appPackage=, networkConnectionEnabled=false, warnings={}, databaseEnabled=false, deviceName=iphone6, version=, platform=MAC, appActivity=, desired={appPackage=, appActivity=, platformVersion=9.2, browserName=iOS, platformName=iOS, deviceName=iphone6, version=}, platformVersion=9.2, webStorageEnabled=false, locationContextEnabled=false, browserName=iOS, takesScreenshot=true, javascriptEnabled=true, platformName=iOS}]
Session ID: 6adae6f6-2d73-43b5-a72f-07170544a5c1">
      <![CDATA[org.openqa.selenium.TimeoutException: Expected condition failed: waiting for visibility of [[IOSDriver: iOS on MAC (6adae6f6-2d73-43b5-a72f-07170544a5c1)] -> xpath: //UIAApplication[1]/UIAWindow[1]/UIAButton[1]] (tried for 20 second(s) with 500 MILLISECONDS interval)
Build info: version: 'unknown', revision: '1969d75', time: '2016-10-18 09:43:45 -0700'
System info: host: 'Ramakant-MacBook-Air.local', ip: '10.20.24.104', os.name: 'Mac OS X', os.arch: 'x86_64', os.version: '10.11.6', java.version: '1.8.0_111'
Driver info: io.appium.java_client.ios.IOSDriver
Capabilities [{appPackage=, networkConnectionEnabled=false, warnings={}, databaseEnabled=false, deviceName=iphone6, version=, platform=MAC, appActivity=, desired={appPackage=, appActivity=, platformVersion=9.2, browserName=iOS, platformName=iOS, deviceName=iphone6, version=}, platformVersion=9.2, webStorageEnabled=false, locationContextEnabled=false, browserName=iOS, takesScreenshot=true, javascriptEnabled=true, platformName=iOS}]
Session ID: 6adae6f6-2d73-43b5-a72f-07170544a5c1
	at org.openqa.selenium.support.ui.WebDriverWait.timeoutException(WebDriverWait.java:80)
	at org.openqa.selenium.support.ui.FluentWait.until(FluentWait.java:265)
	at Library.Supporting.Mobile.checkExistClick(Mobile.java:51)
	at Library.AppSpecific.ForgotPasswordChange.fpc_verifyLoginPasswordIsInvalid(ForgotPasswordChange.java:455)
	at TestScripts.ForgotPasswordChange.FPC_LoginPasswordIsInvalid_TC_71835.validation(FPC_LoginPasswordIsInvalid_TC_71835.java:53)
... Removed 24 stack frames]]>
    </failure>
  </testcase> <!-- validation -->
</testsuite> <!-- FPC_LoginPasswordIsInvalid_TC_71835-1- -->
