<?xml version="1.0" encoding="UTF-8"?>
<!-- Generated by org.testng.reporters.JUnitXMLReporter -->
<testsuite hostname="Ramakant-MacBook-Air.local" name="GetAQuote80004-1-" tests="2" failures="0" timestamp="9 Mar 2017 06:25:10 GMT" time="138.965" errors="0">
  <testcase name="test" time="113.248" classname="TestScripts.Quotes.GetAQuote80004"/>
  <testcase name="test" time="0.0" classname="TestScripts.Quotes.GetAQuote80004">
    <skipped/>
  </testcase> <!-- test -->
</testsuite> <!-- GetAQuote80004-1- -->
