<?xml version="1.0" encoding="UTF-8"?>
<!-- Generated by org.testng.reporters.JUnitXMLReporter -->
<testsuite hostname="Ramakant-MacBook-Air.local" name="HE_QuizCantBeGenerated_HybridLetterOnlyOption_TC_72436-1-" tests="1" failures="0" timestamp="31 Mar 2017 06:52:41 GMT" time="501.697" errors="0">
  <testcase name="Validation" time="464.235" classname="TestScripts.HybridEnrollment.HE_QuizCantBeGenerated_HybridLetterOnlyOption_TC_72436"/>
</testsuite> <!-- HE_QuizCantBeGenerated_HybridLetterOnlyOption_TC_72436-1- -->
