<?xml version="1.0" encoding="UTF-8"?>
<!-- Generated by org.testng.reporters.JUnitXMLReporter -->
<testsuite hostname="Ramakant-Air" name="Hybrid_AccessUPSMyChoiceUserRequestCodeByMail_OUS_TC_72479-1-" tests="1" failures="0" timestamp="25 Apr 2017 15:22:40 GMT" time="409.743" errors="0">
  <testcase name="validation" time="384.219" classname="TestScripts.Login.Hybrid_AccessUPSMyChoiceUserRequestCodeByMail_OUS_TC_72479"/>
</testsuite> <!-- Hybrid_AccessUPSMyChoiceUserRequestCodeByMail_OUS_TC_72479-1- -->
