<?xml version="1.0" encoding="UTF-8"?>
<!-- Generated by org.testng.reporters.JUnitXMLReporter -->
<testsuite hostname="Ramakant-MacBook-Air.local" name="MailInnovation_NumberLoggedIn_TC_74365-1-" tests="2" failures="0" timestamp="24 Apr 2017 06:21:11 GMT" time="352.241" errors="0">
  <testcase name="test" time="68.522" classname="TestScripts.Tracking.MailInnovation_NumberLoggedIn_TC_74365"/>
  <testcase name="test" time="164.685" classname="TestScripts.Tracking.MailInnovation_NumberLoggedIn_TC_74365"/>
</testsuite> <!-- MailInnovation_NumberLoggedIn_TC_74365-1- -->
