<?xml version="1.0" encoding="UTF-8"?>
<!-- Generated by org.testng.reporters.JUnitXMLReporter -->
<testsuite hostname="Ramakant-Air" name="MC_USMCUserChangePhoneLocale_TC_72465-1-" tests="2" failures="0" timestamp="23 Mar 2017 10:20:02 GMT" time="399.913" errors="0">
  <testcase name="testMCLogin" time="62.888" classname="TestScripts.UPSSetting.MC_USMCUserChangePhoneLocale_TC_72465"/>
  <testcase name="testMC" time="308.482" classname="TestScripts.UPSSetting.MC_USMCUserChangePhoneLocale_TC_72465"/>
</testsuite> <!-- MC_USMCUserChangePhoneLocale_TC_72465-1- -->
