<?xml version="1.0" encoding="UTF-8"?>
<!-- Generated by org.testng.reporters.JUnitXMLReporter -->
<testsuite hostname="Ramakant-Air" name="MI_US_MC_ChangePhoneLocale_TC_76024-1-" tests="2" failures="0" timestamp="19 Apr 2017 12:27:15 GMT" time="385.249" errors="0">
  <testcase name="testMCLogin" time="57.111" classname="TestScripts.MembershipInformation.MI_US_MC_ChangePhoneLocale_TC_76024"/>
  <testcase name="testMC" time="303.832" classname="TestScripts.MembershipInformation.MI_US_MC_ChangePhoneLocale_TC_76024"/>
</testsuite> <!-- MI_US_MC_ChangePhoneLocale_TC_76024-1- -->
