<?xml version="1.0" encoding="UTF-8"?>
<!-- Generated by org.testng.reporters.JUnitXMLReporter -->
<testsuite hostname="Ramakant-MacBook-Air.local" name="SecurityCode_PreviouslySavedSecurityCode_TC_72814-1-" tests="4" failures="0" timestamp="25 Mar 2017 10:21:01 GMT" time="898.092" errors="0">
  <testcase name="test1" time="105.748" classname="TestScripts.UPSSetting.SecurityCode_PreviouslySavedSecurityCode_TC_72814"/>
  <testcase name="test" time="324.956" classname="TestScripts.UPSSetting.SecurityCode_PreviouslySavedSecurityCode_TC_72814"/>
  <testcase name="test2" time="109.217" classname="TestScripts.UPSSetting.SecurityCode_PreviouslySavedSecurityCode_TC_72814"/>
  <testcase name="test3" time="330.977" classname="TestScripts.UPSSetting.SecurityCode_PreviouslySavedSecurityCode_TC_72814"/>
</testsuite> <!-- SecurityCode_PreviouslySavedSecurityCode_TC_72814-1- -->
