<?xml version="1.0" encoding="UTF-8"?>
<!-- Generated by org.testng.reporters.JUnitXMLReporter -->
<testsuite hostname="Ramakant-Air" name="SP_AK_SurePostDCO_RerouteHI_TC_66932_Part2-1-" tests="3" failures="0" timestamp="8 May 2017 12:02:37 GMT" time="499.073" errors="0">
  <testcase name="test" time="71.341" classname="TestScripts.Tracking.SP_AK_SurePostDCO_RerouteHI_TC_66932_Part2"/>
  <testcase name="test" time="148.01" classname="TestScripts.Tracking.SP_AK_SurePostDCO_RerouteHI_TC_66932_Part2"/>
  <testcase name="test1" time="254.276" classname="TestScripts.Tracking.SP_AK_SurePostDCO_RerouteHI_TC_66932_Part2"/>
</testsuite> <!-- SP_AK_SurePostDCO_RerouteHI_TC_66932_Part2-1- -->
