<?xml version="1.0" encoding="UTF-8"?>
<!-- Generated by org.testng.reporters.JUnitXMLReporter -->
<testsuite hostname="Ramakant-Air" name="SP_COD_NoDeliverytoAnotherDay_TC_66097-1-" tests="3" failures="0" timestamp="9 May 2017 13:11:03 GMT" time="353.574" errors="0">
  <testcase name="test" time="70.471" classname="TestScripts.Tracking.SP_COD_NoDeliverytoAnotherDay_TC_66097"/>
  <testcase name="test" time="178.149" classname="TestScripts.Tracking.SP_COD_NoDeliverytoAnotherDay_TC_66097"/>
  <testcase name="test1" time="79.767" classname="TestScripts.Tracking.SP_COD_NoDeliverytoAnotherDay_TC_66097"/>
</testsuite> <!-- SP_COD_NoDeliverytoAnotherDay_TC_66097-1- -->
