<?xml version="1.0" encoding="UTF-8"?>
<!-- Generated by org.testng.reporters.JUnitXMLReporter -->
<testsuite hostname="Ramakant-Air" name="SP_SurepostRTS_TC_66074-1-" tests="3" failures="0" timestamp="11 May 2017 10:50:13 GMT" time="322.038" errors="0">
  <testcase name="test" time="73.16" classname="TestScripts.Tracking.SP_SurepostRTS_TC_66074"/>
  <testcase name="test" time="181.082" classname="TestScripts.Tracking.SP_SurepostRTS_TC_66074"/>
  <testcase name="test1" time="42.618" classname="TestScripts.Tracking.SP_SurepostRTS_TC_66074"/>
</testsuite> <!-- SP_SurepostRTS_TC_66074-1- -->
