<?xml version="1.0" encoding="UTF-8"?>
<!-- Generated by org.testng.reporters.JUnitXMLReporter -->
<testsuite hostname="Ramakant-Air" name="SP_UpgradeWithCC_TC_66122-1-" tests="4" failures="0" timestamp="9 May 2017 12:41:38 GMT" time="628.53" errors="0">
  <testcase name="test1" time="108.099" classname="TestScripts.Tracking.SP_UpgradeWithCC_TC_66122"/>
  <testcase name="test2" time="209.851" classname="TestScripts.Tracking.SP_UpgradeWithCC_TC_66122"/>
  <testcase name="test3" time="96.057" classname="TestScripts.Tracking.SP_UpgradeWithCC_TC_66122"/>
  <testcase name="test" time="188.213" classname="TestScripts.Tracking.SP_UpgradeWithCC_TC_66122"/>
</testsuite> <!-- SP_UpgradeWithCC_TC_66122-1- -->
