<?xml version="1.0" encoding="UTF-8"?>
<!-- Generated by org.testng.reporters.JUnitXMLReporter -->
<testsuite hostname="Ramakant-Air" name="SP_UpgradeSuePost_TC_66294-1-" tests="3" failures="0" timestamp="8 May 2017 11:06:32 GMT" time="623.521" errors="0">
  <testcase name="test" time="78.476" classname="TestScripts.Tracking.SP_UpgradeSuePost_TC_66294"/>
  <testcase name="test" time="189.863" classname="TestScripts.Tracking.SP_UpgradeSuePost_TC_66294"/>
  <testcase name="test" time="330.563" classname="TestScripts.Tracking.SP_UpgradeSuePost_TC_66294"/>
</testsuite> <!-- SP_UpgradeSuePost_TC_66294-1- -->
