<?xml version="1.0" encoding="UTF-8"?>
<!-- Generated by org.testng.reporters.JUnitXMLReporter -->
<testsuite hostname="Ramakant-MacBook-Air.local" name="TD_NonUSMCLeaveAtSignatureRequired_TC_77553-1-" tests="2" failures="0" timestamp="24 Apr 2017 07:30:59 GMT" time="298.175" errors="0">
  <testcase name="test1" time="56.235" classname="TestScripts.Tracking.TD_NonUSMCLeaveAtSignatureRequired_TC_77553"/>
  <testcase name="validation" time="217.929" classname="TestScripts.Tracking.TD_NonUSMCLeaveAtSignatureRequired_TC_77553"/>
</testsuite> <!-- TD_NonUSMCLeaveAtSignatureRequired_TC_77553-1- -->
