<?xml version="1.0" encoding="UTF-8"?>
<!-- Generated by org.testng.reporters.JUnitXMLReporter -->
<testsuite hostname="Ramakant-MacBook-Air.local" name="TD_NonUSMCUserLeaveAtToLWN_TC_77559-1-" tests="2" failures="0" timestamp="25 Apr 2017 06:00:07 GMT" time="518.674" errors="0">
  <testcase name="test1" time="57.382" classname="TestScripts.Tracking.TD_NonUSMCUserLeaveAtToLWN_TC_77559"/>
  <testcase name="validation" time="436.636" classname="TestScripts.Tracking.TD_NonUSMCUserLeaveAtToLWN_TC_77559"/>
</testsuite> <!-- TD_NonUSMCUserLeaveAtToLWN_TC_77559-1- -->
