<?xml version="1.0" encoding="UTF-8"?>
<!-- Generated by org.testng.reporters.JUnitXMLReporter -->
<testsuite hostname="Ramakant-Air" name="TD_SuppressAuthorizeShipmentRelease_TC_72655-1-" tests="2" failures="0" timestamp="9 May 2017 04:59:34 GMT" time="600.115" errors="0">
  <testcase name="test1" time="71.144" classname="TestScripts.UPSSetting.TD_SuppressAuthorizeShipmentRelease_TC_72655"/>
  <testcase name="validation" time="504.69" classname="TestScripts.UPSSetting.TD_SuppressAuthorizeShipmentRelease_TC_72655"/>
</testsuite> <!-- TD_SuppressAuthorizeShipmentRelease_TC_72655-1- -->
