<?xml version="1.0" encoding="UTF-8"?>
<!-- Generated by org.testng.reporters.JUnitXMLReporter -->
<testsuite hostname="Ramakant-MacBook-Air.local" name="TR_KialaLocationSurePostDCO_TC_72338-1-" tests="2" failures="0" timestamp="19 Mar 2017 07:02:06 GMT" time="1345.273" errors="0">
  <testcase name="testMC" time="951.033" classname="TestScripts.Tracking.TR_KialaLocationSurePostDCO_TC_72338"/>
  <testcase name="testLoggedOut" time="367.295" classname="TestScripts.Tracking.TR_KialaLocationSurePostDCO_TC_72338"/>
</testsuite> <!-- TR_KialaLocationSurePostDCO_TC_72338-1- -->
