<?xml version="1.0" encoding="UTF-8"?>
<!-- Generated by org.testng.reporters.JUnitXMLReporter -->
<testsuite hostname="Ramakant-MacBook-Air.local" name="UPSLocationDCOdoesNOTDisplayPhNo_73382-1-" tests="4" failures="0" timestamp="18 Apr 2017 15:49:58 GMT" time="896.103" errors="0">
  <testcase name="test" time="72.961" classname="TestScripts.Tracking.UPSLocationDCOdoesNOTDisplayPhNo_73382"/>
  <testcase name="test" time="362.615" classname="TestScripts.Tracking.UPSLocationDCOdoesNOTDisplayPhNo_73382"/>
  <testcase name="test1" time="71.108" classname="TestScripts.Tracking.UPSLocationDCOdoesNOTDisplayPhNo_73382"/>
  <testcase name="test2" time="363.171" classname="TestScripts.Tracking.UPSLocationDCOdoesNOTDisplayPhNo_73382"/>
</testsuite> <!-- UPSLocationDCOdoesNOTDisplayPhNo_73382-1- -->
